2019-10-04 16:28:48,325 [Worker-1: Loading available Gradle versions] INFO  o.e.b.c.i.u.g.PublishedGradleVersions - Gradle version information cache is out-of-date. Trying to update.
2019-10-04 16:29:49,777 [Worker-23: Update Maven projects configuration] INFO  o.e.m.c.i.p.ProjectConfigurationManager - Update started
2019-10-04 16:30:02,401 [Worker-23: Update Maven projects configuration] INFO  o.e.m.c.i.l.LifecycleMappingFactory - Using org.eclipse.m2e.jdt.JarLifecycleMapping lifecycle mapping for MavenProject: com.example:overweight-male-exercise-service:0.0.1-SNAPSHOT @ C:\Users\B4ibmjava10\Downloads\fitnessTracker-project-master (2)\fitnessTracker-project-master\MICROSERVICES\normalweight-female-exercise-service\pom.xml.
2019-10-04 16:30:16,668 [Worker-23: Update Maven projects configuration] INFO  o.e.m.j.i.AbstractJavaProjectConfigurator - Adding source folder /normalweight-female-exercise-service/src/main/java
2019-10-04 16:30:16,668 [Worker-23: Update Maven projects configuration] INFO  o.e.m.j.i.AbstractJavaProjectConfigurator - Adding resource folder /normalweight-female-exercise-service/src/main/resources
2019-10-04 16:30:16,682 [Worker-23: Update Maven projects configuration] INFO  o.e.m.j.i.AbstractJavaProjectConfigurator - Adding resource folder /normalweight-female-exercise-service/src/main/resources
2019-10-04 16:30:16,705 [Worker-23: Update Maven projects configuration] INFO  o.e.m.j.i.AbstractJavaProjectConfigurator - Adding source folder /normalweight-female-exercise-service/src/test/java
2019-10-04 16:30:48,217 [Worker-23: Update Maven projects configuration] INFO  o.e.m.c.i.p.ProjectConfigurationManager - Update completed: 58 sec
2019-10-04 16:30:48,222 [Worker-23: Update Maven projects configuration] INFO  o.e.m.c.i.p.ProjectConfigurationManager - Update started
2019-10-04 16:30:54,046 [Worker-23: Update Maven projects configuration] INFO  o.e.m.c.i.l.LifecycleMappingFactory - Using org.eclipse.m2e.jdt.JarLifecycleMapping lifecycle mapping for MavenProject: com.example:overweight-male-exercise-service:0.0.1-SNAPSHOT @ C:\Users\B4ibmjava10\Downloads\fitnessTracker-project-master (2)\fitnessTracker-project-master\MICROSERVICES\overweight-female-exercise-service\pom.xml.
2019-10-04 16:30:55,820 [Worker-23: Update Maven projects configuration] INFO  o.e.m.c.i.l.LifecycleMappingFactory - Using org.eclipse.m2e.jdt.JarLifecycleMapping lifecycle mapping for MavenProject: com.example:overweight-male-exercise-service:0.0.1-SNAPSHOT @ C:\Users\B4ibmjava10\Downloads\fitnessTracker-project-master (2)\fitnessTracker-project-master\MICROSERVICES\underweight-female-exercise-service\pom.xml.
2019-10-04 16:30:56,031 [Worker-23: Update Maven projects configuration] INFO  o.e.m.c.i.l.LifecycleMappingFactory - Using org.eclipse.m2e.jdt.JarLifecycleMapping lifecycle mapping for MavenProject: com.example:sms:0.0.1-SNAPSHOT @ C:\Users\B4ibmjava10\Downloads\fitnessTracker-project-master (2)\fitnessTracker-project-master\MICROSERVICES\sms\pom.xml.
2019-10-04 16:30:56,874 [Worker-23: Update Maven projects configuration] INFO  o.e.m.c.i.l.LifecycleMappingFactory - Using org.eclipse.m2e.jdt.JarLifecycleMapping lifecycle mapping for MavenProject: com.example:overweight-male-meal-service:0.0.1-SNAPSHOT @ C:\Users\B4ibmjava10\Downloads\fitnessTracker-project-master (2)\fitnessTracker-project-master\MICROSERVICES\overweight-female-meal-service\pom.xml.
2019-10-04 16:30:57,100 [Worker-23: Update Maven projects configuration] INFO  o.e.m.c.i.l.LifecycleMappingFactory - Using org.eclipse.m2e.jdt.JarLifecycleMapping lifecycle mapping for MavenProject: com.example:overweight-male-exercise-service:0.0.1-SNAPSHOT @ C:\Users\B4ibmjava10\Downloads\fitnessTracker-project-master (2)\fitnessTracker-project-master\MICROSERVICES\underweight-male-exercise-service\pom.xml.
2019-10-04 16:30:57,335 [Worker-23: Update Maven projects configuration] INFO  o.e.m.c.i.l.LifecycleMappingFactory - Using org.eclipse.m2e.jdt.JarLifecycleMapping lifecycle mapping for MavenProject: com.example:overweight-male-exercise-service:0.0.1-SNAPSHOT @ C:\Users\B4ibmjava10\Downloads\fitnessTracker-project-master (2)\fitnessTracker-project-master\MICROSERVICES\normalweight-male-exercise-service\pom.xml.
2019-10-04 16:30:57,530 [Worker-23: Update Maven projects configuration] INFO  o.e.m.c.i.l.LifecycleMappingFactory - Using org.eclipse.m2e.jdt.JarLifecycleMapping lifecycle mapping for MavenProject: com.example:overweight-male-exercise-service:0.0.1-SNAPSHOT @ C:\Users\B4ibmjava10\Downloads\fitnessTracker-project-master (2)\fitnessTracker-project-master\MICROSERVICES\overweight-male-exercise-service\pom.xml.
2019-10-04 16:30:57,742 [Worker-23: Update Maven projects configuration] INFO  o.e.m.c.i.l.LifecycleMappingFactory - Using org.eclipse.m2e.jdt.JarLifecycleMapping lifecycle mapping for MavenProject: com.example:feign-client-service:0.0.1-SNAPSHOT @ C:\Users\B4ibmjava10\Downloads\fitnessTracker-project-master (2)\fitnessTracker-project-master\MICROSERVICES\feign-client-service\pom.xml.
2019-10-04 16:30:58,897 [Worker-23: Update Maven projects configuration] INFO  o.e.m.c.i.l.LifecycleMappingFactory - Using org.eclipse.m2e.jdt.JarLifecycleMapping lifecycle mapping for MavenProject: com.example:user_details:0.0.1-SNAPSHOT @ C:\Users\B4ibmjava10\Downloads\fitnessTracker-project-master (2)\fitnessTracker-project-master\MICROSERVICES\user_details\pom.xml.
2019-10-04 16:30:59,785 [Worker-23: Update Maven projects configuration] INFO  o.e.m.c.i.l.LifecycleMappingFactory - Using org.eclipse.m2e.jdt.JarLifecycleMapping lifecycle mapping for MavenProject: com.example.demo:PROJECT_USER:0.0.1-SNAPSHOT @ C:\Users\B4ibmjava10\Downloads\fitnessTracker-project-master (2)\fitnessTracker-project-master\MICROSERVICES\user-service\pom.xml.
2019-10-04 16:31:05,274 [Worker-23: Update Maven projects configuration] INFO  o.e.m.c.i.l.LifecycleMappingFactory - Using org.eclipse.m2e.jdt.JarLifecycleMapping lifecycle mapping for MavenProject: com.example:overweight-male-meal-service:0.0.1-SNAPSHOT @ C:\Users\B4ibmjava10\Downloads\fitnessTracker-project-master (2)\fitnessTracker-project-master\MICROSERVICES\normalweight-male-meal-service\pom.xml.
2019-10-04 16:31:05,521 [Worker-23: Update Maven projects configuration] INFO  o.e.m.c.i.l.LifecycleMappingFactory - Using org.eclipse.m2e.jdt.JarLifecycleMapping lifecycle mapping for MavenProject: com.example:overweight-male-meal-service:0.0.1-SNAPSHOT @ C:\Users\B4ibmjava10\Downloads\fitnessTracker-project-master (2)\fitnessTracker-project-master\MICROSERVICES\normalweight-female-meal-service\pom.xml.
2019-10-04 16:31:05,750 [Worker-23: Update Maven projects configuration] INFO  o.e.m.c.i.l.LifecycleMappingFactory - Using org.eclipse.m2e.jdt.JarLifecycleMapping lifecycle mapping for MavenProject: com.example:paypalService:0.0.1-SNAPSHOT @ C:\Users\B4ibmjava10\Downloads\fitnessTracker-project-master (2)\fitnessTracker-project-master\MICROSERVICES\paypalService\pom.xml.
2019-10-04 16:31:05,983 [Worker-23: Update Maven projects configuration] INFO  o.e.m.c.i.l.LifecycleMappingFactory - Using org.eclipse.m2e.jdt.JarLifecycleMapping lifecycle mapping for MavenProject: com.example:overweight-male-meal-service:0.0.1-SNAPSHOT @ C:\Users\B4ibmjava10\Downloads\fitnessTracker-project-master (2)\fitnessTracker-project-master\MICROSERVICES\underweight-male-meal-service\pom.xml.
2019-10-04 16:31:06,186 [Worker-23: Update Maven projects configuration] INFO  o.e.m.c.i.l.LifecycleMappingFactory - Using org.eclipse.m2e.jdt.JarLifecycleMapping lifecycle mapping for MavenProject: com.example:overweight-male-exercise-service:0.0.1-SNAPSHOT @ C:\Users\B4ibmjava10\Downloads\fitnessTracker-project-master (2)\fitnessTracker-project-master\MICROSERVICES\normalweight-female-exercise-service\pom.xml.
2019-10-04 16:31:06,419 [Worker-23: Update Maven projects configuration] INFO  o.e.m.c.i.l.LifecycleMappingFactory - Using org.eclipse.m2e.jdt.JarLifecycleMapping lifecycle mapping for MavenProject: com.example:overweight-male-meal-service:0.0.1-SNAPSHOT @ C:\Users\B4ibmjava10\Downloads\fitnessTracker-project-master (2)\fitnessTracker-project-master\MICROSERVICES\underweight-female-meal-service\pom.xml.
2019-10-04 16:31:09,494 [Worker-23: Update Maven projects configuration] INFO  o.e.m.c.i.l.LifecycleMappingFactory - Using org.eclipse.m2e.jdt.JarLifecycleMapping lifecycle mapping for MavenProject: org.test:commmon-eureka-server:1 @ C:\Users\B4ibmjava10\Downloads\fitnessTracker-project-master (2)\fitnessTracker-project-master\MICROSERVICES\eureka-server\pom.xml.
2019-10-04 16:31:12,957 [Worker-23: Update Maven projects configuration] INFO  o.e.m.c.i.l.LifecycleMappingFactory - Using org.eclipse.m2e.jdt.JarLifecycleMapping lifecycle mapping for MavenProject: com.example:overweight-male-meal-service:0.0.1-SNAPSHOT @ C:\Users\B4ibmjava10\Downloads\fitnessTracker-project-master (2)\fitnessTracker-project-master\MICROSERVICES\overweight-male-meal-service\pom.xml.
2019-10-04 16:31:25,084 [Worker-23: Update Maven projects configuration] INFO  o.e.m.j.i.AbstractJavaProjectConfigurator - Adding source folder /MICROSERVICES_user-service/src/main/java
2019-10-04 16:31:25,103 [Worker-23: Update Maven projects configuration] INFO  o.e.m.j.i.AbstractJavaProjectConfigurator - Adding resource folder /MICROSERVICES_user-service/src/main/resources
2019-10-04 16:31:25,124 [Worker-23: Update Maven projects configuration] INFO  o.e.m.j.i.AbstractJavaProjectConfigurator - Adding resource folder /MICROSERVICES_user-service/src/main/resources
2019-10-04 16:31:25,152 [Worker-23: Update Maven projects configuration] INFO  o.e.m.j.i.AbstractJavaProjectConfigurator - Adding source folder /MICROSERVICES_user-service/src/test/java
2019-10-04 16:31:56,390 [Worker-23: Update Maven projects configuration] INFO  o.e.m.j.i.AbstractJavaProjectConfigurator - Adding source folder /underweight-male-exercise-service/src/main/java
2019-10-04 16:31:56,397 [Worker-23: Update Maven projects configuration] INFO  o.e.m.j.i.AbstractJavaProjectConfigurator - Adding resource folder /underweight-male-exercise-service/src/main/resources
2019-10-04 16:31:56,412 [Worker-23: Update Maven projects configuration] INFO  o.e.m.j.i.AbstractJavaProjectConfigurator - Adding resource folder /underweight-male-exercise-service/src/main/resources
2019-10-04 16:31:56,440 [Worker-23: Update Maven projects configuration] INFO  o.e.m.j.i.AbstractJavaProjectConfigurator - Adding source folder /underweight-male-exercise-service/src/test/java
2019-10-04 16:32:05,296 [Worker-23: Update Maven projects configuration] INFO  o.e.m.j.i.AbstractJavaProjectConfigurator - Adding source folder /normalweight-female-exercise-service/src/main/java
2019-10-04 16:32:05,312 [Worker-23: Update Maven projects configuration] INFO  o.e.m.j.i.AbstractJavaProjectConfigurator - Adding resource folder /normalweight-female-exercise-service/src/main/resources
2019-10-04 16:32:05,333 [Worker-23: Update Maven projects configuration] INFO  o.e.m.j.i.AbstractJavaProjectConfigurator - Adding resource folder /normalweight-female-exercise-service/src/main/resources
2019-10-04 16:32:05,384 [Worker-23: Update Maven projects configuration] INFO  o.e.m.j.i.AbstractJavaProjectConfigurator - Adding source folder /normalweight-female-exercise-service/src/test/java
2019-10-04 16:32:06,762 [Worker-25: Building workspace] INFO  o.e.m.c.i.embedder.EclipseLogger - Using 'UTF-8' encoding to copy filtered resources.
2019-10-04 16:32:06,773 [Worker-25: Building workspace] INFO  o.e.m.c.i.embedder.EclipseLogger - Copying 1 resource
2019-10-04 16:32:06,833 [Worker-25: Building workspace] INFO  o.e.m.c.i.embedder.EclipseLogger - Copying 0 resource
2019-10-04 16:32:06,848 [Worker-25: Building workspace] INFO  o.e.m.c.i.embedder.EclipseLogger - Using 'UTF-8' encoding to copy filtered resources.
2019-10-04 16:32:06,848 [Worker-25: Building workspace] INFO  o.e.m.c.i.embedder.EclipseLogger - skip non existing resourceDirectory C:\Users\B4ibmjava10\Downloads\fitnessTracker-project-master (2)\fitnessTracker-project-master\MICROSERVICES\user-service\src\test\resources
2019-10-04 16:32:07,199 [Worker-23: Update Maven projects configuration] INFO  o.e.m.j.i.AbstractJavaProjectConfigurator - Adding source folder /underweight-female-exercise-service/src/main/java
2019-10-04 16:32:07,199 [Worker-23: Update Maven projects configuration] INFO  o.e.m.j.i.AbstractJavaProjectConfigurator - Adding resource folder /underweight-female-exercise-service/src/main/resources
2019-10-04 16:32:07,209 [Worker-23: Update Maven projects configuration] INFO  o.e.m.j.i.AbstractJavaProjectConfigurator - Adding resource folder /underweight-female-exercise-service/src/main/resources
2019-10-04 16:32:07,242 [Worker-23: Update Maven projects configuration] INFO  o.e.m.j.i.AbstractJavaProjectConfigurator - Adding source folder /underweight-female-exercise-service/src/test/java
2019-10-04 16:32:08,973 [Worker-21: Building workspace] INFO  o.e.m.c.i.embedder.EclipseLogger - Using 'UTF-8' encoding to copy filtered resources.
2019-10-04 16:32:08,974 [Worker-21: Building workspace] INFO  o.e.m.c.i.embedder.EclipseLogger - Copying 1 resource
2019-10-04 16:32:08,996 [Worker-21: Building workspace] INFO  o.e.m.c.i.embedder.EclipseLogger - Copying 1 resource
2019-10-04 16:32:09,012 [Worker-21: Building workspace] INFO  o.e.m.c.i.embedder.EclipseLogger - Using 'UTF-8' encoding to copy filtered resources.
2019-10-04 16:32:09,012 [Worker-21: Building workspace] INFO  o.e.m.c.i.embedder.EclipseLogger - skip non existing resourceDirectory C:\Users\B4ibmjava10\Downloads\fitnessTracker-project-master (2)\fitnessTracker-project-master\MICROSERVICES\eureka-server\src\test\resources
2019-10-04 16:32:09,569 [Worker-23: Update Maven projects configuration] INFO  o.e.m.j.i.AbstractJavaProjectConfigurator - Adding source folder /underweight-female-meal-service/src/main/java
2019-10-04 16:32:09,571 [Worker-23: Update Maven projects configuration] INFO  o.e.m.j.i.AbstractJavaProjectConfigurator - Adding resource folder /underweight-female-meal-service/src/main/resources
2019-10-04 16:32:09,589 [Worker-23: Update Maven projects configuration] INFO  o.e.m.j.i.AbstractJavaProjectConfigurator - Adding resource folder /underweight-female-meal-service/src/main/resources
2019-10-04 16:32:09,618 [Worker-23: Update Maven projects configuration] INFO  o.e.m.j.i.AbstractJavaProjectConfigurator - Adding source folder /underweight-female-meal-service/src/test/java
2019-10-04 16:32:10,730 [Worker-12: Building workspace] INFO  o.e.m.c.i.embedder.EclipseLogger - Using 'UTF-8' encoding to copy filtered resources.
2019-10-04 16:32:10,737 [Worker-12: Building workspace] INFO  o.e.m.c.i.embedder.EclipseLogger - Copying 1 resource
2019-10-04 16:32:10,818 [Worker-12: Building workspace] INFO  o.e.m.c.i.embedder.EclipseLogger - Copying 0 resource
2019-10-04 16:32:10,834 [Worker-12: Building workspace] INFO  o.e.m.c.i.embedder.EclipseLogger - Using 'UTF-8' encoding to copy filtered resources.
2019-10-04 16:32:10,834 [Worker-12: Building workspace] INFO  o.e.m.c.i.embedder.EclipseLogger - skip non existing resourceDirectory C:\Users\B4ibmjava10\Downloads\fitnessTracker-project-master (2)\fitnessTracker-project-master\MICROSERVICES\feign-client-service\src\test\resources
2019-10-04 16:32:13,157 [Worker-23: Update Maven projects configuration] INFO  o.e.m.j.i.AbstractJavaProjectConfigurator - Adding source folder /eureka-server/src/main/java
2019-10-04 16:32:13,157 [Worker-23: Update Maven projects configuration] INFO  o.e.m.j.i.AbstractJavaProjectConfigurator - Adding resource folder /eureka-server/src/main/resources
2019-10-04 16:32:13,174 [Worker-23: Update Maven projects configuration] INFO  o.e.m.j.i.AbstractJavaProjectConfigurator - Adding resource folder /eureka-server/src/main/resources
2019-10-04 16:32:13,788 [Worker-23: Update Maven projects configuration] INFO  o.e.m.j.i.AbstractJavaProjectConfigurator - Adding source folder /eureka-server/src/test/java
2019-10-04 16:32:30,158 [Worker-23: Update Maven projects configuration] INFO  o.e.m.j.i.AbstractJavaProjectConfigurator - Adding source folder /paypalService/src/main/java
2019-10-04 16:32:30,158 [Worker-23: Update Maven projects configuration] INFO  o.e.m.j.i.AbstractJavaProjectConfigurator - Adding resource folder /paypalService/src/main/resources
2019-10-04 16:32:30,172 [Worker-23: Update Maven projects configuration] INFO  o.e.m.j.i.AbstractJavaProjectConfigurator - Adding resource folder /paypalService/src/main/resources
2019-10-04 16:32:30,184 [Worker-23: Update Maven projects configuration] INFO  o.e.m.j.i.AbstractJavaProjectConfigurator - Adding source folder /paypalService/src/test/java
2019-10-04 16:32:31,348 [Worker-17: Building workspace] INFO  o.e.m.c.i.embedder.EclipseLogger - Using 'UTF-8' encoding to copy filtered resources.
2019-10-04 16:32:31,354 [Worker-17: Building workspace] INFO  o.e.m.c.i.embedder.EclipseLogger - Copying 1 resource
2019-10-04 16:32:31,388 [Worker-17: Building workspace] INFO  o.e.m.c.i.embedder.EclipseLogger - Copying 1 resource
2019-10-04 16:32:31,398 [Worker-17: Building workspace] INFO  o.e.m.c.i.embedder.EclipseLogger - Using 'UTF-8' encoding to copy filtered resources.
2019-10-04 16:32:31,408 [Worker-17: Building workspace] INFO  o.e.m.c.i.embedder.EclipseLogger - skip non existing resourceDirectory C:\Users\B4ibmjava10\Downloads\fitnessTracker-project-master (2)\fitnessTracker-project-master\MICROSERVICES\eureka-server\src\test\resources
2019-10-04 16:32:31,813 [Worker-23: Update Maven projects configuration] INFO  o.e.m.j.i.AbstractJavaProjectConfigurator - Adding source folder /normalweight-male-meal-service/src/main/java
2019-10-04 16:32:31,822 [Worker-23: Update Maven projects configuration] INFO  o.e.m.j.i.AbstractJavaProjectConfigurator - Adding resource folder /normalweight-male-meal-service/src/main/resources
2019-10-04 16:32:31,831 [Worker-23: Update Maven projects configuration] INFO  o.e.m.j.i.AbstractJavaProjectConfigurator - Adding resource folder /normalweight-male-meal-service/src/main/resources
2019-10-04 16:32:31,839 [Worker-23: Update Maven projects configuration] INFO  o.e.m.j.i.AbstractJavaProjectConfigurator - Adding source folder /normalweight-male-meal-service/src/test/java
2019-10-04 16:32:32,941 [Worker-23: Update Maven projects configuration] INFO  o.e.m.j.i.AbstractJavaProjectConfigurator - Adding source folder /underweight-male-meal-service/src/main/java
2019-10-04 16:32:32,962 [Worker-23: Update Maven projects configuration] INFO  o.e.m.j.i.AbstractJavaProjectConfigurator - Adding resource folder /underweight-male-meal-service/src/main/resources
2019-10-04 16:32:33,092 [Worker-23: Update Maven projects configuration] INFO  o.e.m.j.i.AbstractJavaProjectConfigurator - Adding resource folder /underweight-male-meal-service/src/main/resources
2019-10-04 16:32:33,108 [Worker-23: Update Maven projects configuration] INFO  o.e.m.j.i.AbstractJavaProjectConfigurator - Adding source folder /underweight-male-meal-service/src/test/java
2019-10-04 16:32:38,402 [Worker-8: Building workspace] INFO  o.e.m.c.i.embedder.EclipseLogger - Using 'UTF-8' encoding to copy filtered resources.
2019-10-04 16:32:38,409 [Worker-8: Building workspace] INFO  o.e.m.c.i.embedder.EclipseLogger - Copying 1 resource
2019-10-04 16:32:38,457 [Worker-8: Building workspace] INFO  o.e.m.c.i.embedder.EclipseLogger - Copying 0 resource
2019-10-04 16:32:38,465 [Worker-8: Building workspace] INFO  o.e.m.c.i.embedder.EclipseLogger - Using 'UTF-8' encoding to copy filtered resources.
2019-10-04 16:32:38,465 [Worker-8: Building workspace] INFO  o.e.m.c.i.embedder.EclipseLogger - skip non existing resourceDirectory C:\Users\B4ibmjava10\Downloads\fitnessTracker-project-master (2)\fitnessTracker-project-master\MICROSERVICES\normalweight-female-exercise-service\src\test\resources
2019-10-04 16:32:38,681 [Worker-23: Update Maven projects configuration] INFO  o.e.m.j.i.AbstractJavaProjectConfigurator - Adding source folder /normalweight-male-exercise-service/src/main/java
2019-10-04 16:32:38,681 [Worker-23: Update Maven projects configuration] INFO  o.e.m.j.i.AbstractJavaProjectConfigurator - Adding resource folder /normalweight-male-exercise-service/src/main/resources
2019-10-04 16:32:38,888 [Worker-23: Update Maven projects configuration] INFO  o.e.m.j.i.AbstractJavaProjectConfigurator - Adding resource folder /normalweight-male-exercise-service/src/main/resources
2019-10-04 16:32:38,896 [Worker-23: Update Maven projects configuration] INFO  o.e.m.j.i.AbstractJavaProjectConfigurator - Adding source folder /normalweight-male-exercise-service/src/test/java
2019-10-04 16:32:40,084 [Worker-15: Building workspace] INFO  o.e.m.c.i.embedder.EclipseLogger - Using 'UTF-8' encoding to copy filtered resources.
2019-10-04 16:32:40,084 [Worker-15: Building workspace] INFO  o.e.m.c.i.embedder.EclipseLogger - Copying 1 resource
2019-10-04 16:32:40,097 [Worker-15: Building workspace] INFO  o.e.m.c.i.embedder.EclipseLogger - Copying 0 resource
2019-10-04 16:32:40,098 [Worker-15: Building workspace] INFO  o.e.m.c.i.embedder.EclipseLogger - Using 'UTF-8' encoding to copy filtered resources.
2019-10-04 16:32:40,106 [Worker-15: Building workspace] INFO  o.e.m.c.i.embedder.EclipseLogger - skip non existing resourceDirectory C:\Users\B4ibmjava10\Downloads\fitnessTracker-project-master (2)\fitnessTracker-project-master\MICROSERVICES\normalweight-female-meal-service\src\test\resources
2019-10-04 16:32:41,519 [Worker-23: Update Maven projects configuration] INFO  o.e.m.j.i.AbstractJavaProjectConfigurator - Adding source folder /normalweight-female-meal-service/src/main/java
2019-10-04 16:32:41,527 [Worker-23: Update Maven projects configuration] INFO  o.e.m.j.i.AbstractJavaProjectConfigurator - Adding resource folder /normalweight-female-meal-service/src/main/resources
2019-10-04 16:32:41,540 [Worker-23: Update Maven projects configuration] INFO  o.e.m.j.i.AbstractJavaProjectConfigurator - Adding resource folder /normalweight-female-meal-service/src/main/resources
2019-10-04 16:32:41,564 [Worker-23: Update Maven projects configuration] INFO  o.e.m.j.i.AbstractJavaProjectConfigurator - Adding source folder /normalweight-female-meal-service/src/test/java
2019-10-04 16:32:43,058 [Worker-23: Update Maven projects configuration] INFO  o.e.m.j.i.AbstractJavaProjectConfigurator - Adding source folder /overweight-male-exercise-service/src/main/java
2019-10-04 16:32:43,058 [Worker-23: Update Maven projects configuration] INFO  o.e.m.j.i.AbstractJavaProjectConfigurator - Adding resource folder /overweight-male-exercise-service/src/main/resources
2019-10-04 16:32:43,074 [Worker-23: Update Maven projects configuration] INFO  o.e.m.j.i.AbstractJavaProjectConfigurator - Adding resource folder /overweight-male-exercise-service/src/main/resources
2019-10-04 16:32:43,094 [Worker-23: Update Maven projects configuration] INFO  o.e.m.j.i.AbstractJavaProjectConfigurator - Adding source folder /overweight-male-exercise-service/src/test/java
2019-10-04 16:32:43,544 [Worker-2: Building workspace] INFO  o.e.m.c.i.embedder.EclipseLogger - Using 'UTF-8' encoding to copy filtered resources.
2019-10-04 16:32:43,572 [Worker-2: Building workspace] INFO  o.e.m.c.i.embedder.EclipseLogger - Copying 1 resource
2019-10-04 16:32:43,574 [Worker-2: Building workspace] INFO  o.e.m.c.i.embedder.EclipseLogger - Copying 0 resource
2019-10-04 16:32:43,584 [Worker-2: Building workspace] INFO  o.e.m.c.i.embedder.EclipseLogger - Using 'UTF-8' encoding to copy filtered resources.
2019-10-04 16:32:43,584 [Worker-2: Building workspace] INFO  o.e.m.c.i.embedder.EclipseLogger - skip non existing resourceDirectory C:\Users\B4ibmjava10\Downloads\fitnessTracker-project-master (2)\fitnessTracker-project-master\MICROSERVICES\normalweight-female-meal-service\src\test\resources
2019-10-04 16:32:44,367 [Worker-23: Update Maven projects configuration] INFO  o.e.m.j.i.AbstractJavaProjectConfigurator - Adding source folder /user_details/src/main/java
2019-10-04 16:32:44,367 [Worker-23: Update Maven projects configuration] INFO  o.e.m.j.i.AbstractJavaProjectConfigurator - Adding resource folder /user_details/src/main/resources
2019-10-04 16:32:44,392 [Worker-23: Update Maven projects configuration] INFO  o.e.m.j.i.AbstractJavaProjectConfigurator - Adding resource folder /user_details/src/main/resources
2019-10-04 16:32:44,403 [Worker-23: Update Maven projects configuration] INFO  o.e.m.j.i.AbstractJavaProjectConfigurator - Adding source folder /user_details/src/test/java
2019-10-04 16:32:46,409 [Worker-1: Building workspace] INFO  o.e.m.c.i.embedder.EclipseLogger - Using 'UTF-8' encoding to copy filtered resources.
2019-10-04 16:32:46,410 [Worker-1: Building workspace] INFO  o.e.m.c.i.embedder.EclipseLogger - Copying 1 resource
2019-10-04 16:32:46,423 [Worker-1: Building workspace] INFO  o.e.m.c.i.embedder.EclipseLogger - Copying 0 resource
2019-10-04 16:32:46,431 [Worker-1: Building workspace] INFO  o.e.m.c.i.embedder.EclipseLogger - Using 'UTF-8' encoding to copy filtered resources.
2019-10-04 16:32:46,443 [Worker-1: Building workspace] INFO  o.e.m.c.i.embedder.EclipseLogger - skip non existing resourceDirectory C:\Users\B4ibmjava10\Downloads\fitnessTracker-project-master (2)\fitnessTracker-project-master\MICROSERVICES\normalweight-male-exercise-service\src\test\resources
2019-10-04 16:32:46,740 [Worker-23: Update Maven projects configuration] INFO  o.e.m.j.i.AbstractJavaProjectConfigurator - Adding source folder /overweight-female-meal-service/src/main/java
2019-10-04 16:32:46,751 [Worker-23: Update Maven projects configuration] INFO  o.e.m.j.i.AbstractJavaProjectConfigurator - Adding resource folder /overweight-female-meal-service/src/main/resources
2019-10-04 16:32:46,762 [Worker-23: Update Maven projects configuration] INFO  o.e.m.j.i.AbstractJavaProjectConfigurator - Adding resource folder /overweight-female-meal-service/src/main/resources
2019-10-04 16:32:46,769 [Worker-23: Update Maven projects configuration] INFO  o.e.m.j.i.AbstractJavaProjectConfigurator - Adding source folder /overweight-female-meal-service/src/test/java
2019-10-04 16:32:48,047 [Worker-23: Update Maven projects configuration] INFO  o.e.m.j.i.AbstractJavaProjectConfigurator - Adding source folder /overweight-male-meal-service/src/main/java
2019-10-04 16:32:48,055 [Worker-23: Update Maven projects configuration] INFO  o.e.m.j.i.AbstractJavaProjectConfigurator - Adding resource folder /overweight-male-meal-service/src/main/resources
2019-10-04 16:32:48,068 [Worker-23: Update Maven projects configuration] INFO  o.e.m.j.i.AbstractJavaProjectConfigurator - Adding resource folder /overweight-male-meal-service/src/main/resources
2019-10-04 16:32:48,089 [Worker-23: Update Maven projects configuration] INFO  o.e.m.j.i.AbstractJavaProjectConfigurator - Adding source folder /overweight-male-meal-service/src/test/java
2019-10-04 16:32:49,296 [Worker-2: Building workspace] INFO  o.e.m.c.i.embedder.EclipseLogger - Using 'UTF-8' encoding to copy filtered resources.
2019-10-04 16:32:49,303 [Worker-2: Building workspace] INFO  o.e.m.c.i.embedder.EclipseLogger - Copying 1 resource
2019-10-04 16:32:49,319 [Worker-2: Building workspace] INFO  o.e.m.c.i.embedder.EclipseLogger - Copying 0 resource
2019-10-04 16:32:49,332 [Worker-2: Building workspace] INFO  o.e.m.c.i.embedder.EclipseLogger - Using 'UTF-8' encoding to copy filtered resources.
2019-10-04 16:32:49,332 [Worker-2: Building workspace] INFO  o.e.m.c.i.embedder.EclipseLogger - skip non existing resourceDirectory C:\Users\B4ibmjava10\Downloads\fitnessTracker-project-master (2)\fitnessTracker-project-master\MICROSERVICES\normalweight-male-meal-service\src\test\resources
2019-10-04 16:32:50,967 [Worker-23: Update Maven projects configuration] INFO  o.e.m.j.i.AbstractJavaProjectConfigurator - Adding source folder /feign-client-service/src/main/java
2019-10-04 16:32:50,967 [Worker-23: Update Maven projects configuration] INFO  o.e.m.j.i.AbstractJavaProjectConfigurator - Adding resource folder /feign-client-service/src/main/resources
2019-10-04 16:32:50,984 [Worker-23: Update Maven projects configuration] INFO  o.e.m.j.i.AbstractJavaProjectConfigurator - Adding resource folder /feign-client-service/src/main/resources
2019-10-04 16:32:50,999 [Worker-23: Update Maven projects configuration] INFO  o.e.m.j.i.AbstractJavaProjectConfigurator - Adding source folder /feign-client-service/src/test/java
2019-10-04 16:32:55,364 [Worker-23: Update Maven projects configuration] INFO  o.e.m.j.i.AbstractJavaProjectConfigurator - Adding source folder /sms/src/main/java
2019-10-04 16:32:55,364 [Worker-23: Update Maven projects configuration] INFO  o.e.m.j.i.AbstractJavaProjectConfigurator - Adding resource folder /sms/src/main/resources
2019-10-04 16:32:55,686 [Worker-23: Update Maven projects configuration] INFO  o.e.m.j.i.AbstractJavaProjectConfigurator - Adding resource folder /sms/src/main/resources
2019-10-04 16:32:55,700 [Worker-23: Update Maven projects configuration] INFO  o.e.m.j.i.AbstractJavaProjectConfigurator - Adding source folder /sms/src/test/java
2019-10-04 16:32:58,000 [Worker-23: Update Maven projects configuration] INFO  o.e.m.j.i.AbstractJavaProjectConfigurator - Adding source folder /overweight-female-exercise-service/src/main/java
2019-10-04 16:32:58,000 [Worker-23: Update Maven projects configuration] INFO  o.e.m.j.i.AbstractJavaProjectConfigurator - Adding resource folder /overweight-female-exercise-service/src/main/resources
2019-10-04 16:32:58,021 [Worker-23: Update Maven projects configuration] INFO  o.e.m.j.i.AbstractJavaProjectConfigurator - Adding resource folder /overweight-female-exercise-service/src/main/resources
2019-10-04 16:32:58,037 [Worker-23: Update Maven projects configuration] INFO  o.e.m.j.i.AbstractJavaProjectConfigurator - Adding source folder /overweight-female-exercise-service/src/test/java
2019-10-04 16:32:59,402 [Worker-15: Building workspace] INFO  o.e.m.c.i.embedder.EclipseLogger - Using 'UTF-8' encoding to copy filtered resources.
2019-10-04 16:32:59,403 [Worker-15: Building workspace] INFO  o.e.m.c.i.embedder.EclipseLogger - Copying 1 resource
2019-10-04 16:32:59,407 [Worker-15: Building workspace] INFO  o.e.m.c.i.embedder.EclipseLogger - Copying 0 resource
2019-10-04 16:32:59,410 [Worker-15: Building workspace] INFO  o.e.m.c.i.embedder.EclipseLogger - Using 'UTF-8' encoding to copy filtered resources.
2019-10-04 16:32:59,416 [Worker-15: Building workspace] INFO  o.e.m.c.i.embedder.EclipseLogger - skip non existing resourceDirectory C:\Users\B4ibmjava10\Downloads\fitnessTracker-project-master (2)\fitnessTracker-project-master\MICROSERVICES\feign-client-service\src\test\resources
2019-10-04 16:32:59,563 [Worker-23: Update Maven projects configuration] INFO  o.e.m.c.i.p.ProjectConfigurationManager - Update completed: 131 sec
2019-10-04 16:33:01,263 [Worker-2: Building workspace] INFO  o.e.m.c.i.embedder.EclipseLogger - Using 'UTF-8' encoding to copy filtered resources.
2019-10-04 16:33:01,264 [Worker-2: Building workspace] INFO  o.e.m.c.i.embedder.EclipseLogger - Copying 1 resource
2019-10-04 16:33:01,279 [Worker-2: Building workspace] INFO  o.e.m.c.i.embedder.EclipseLogger - Copying 0 resource
2019-10-04 16:33:01,289 [Worker-2: Building workspace] INFO  o.e.m.c.i.embedder.EclipseLogger - Using 'UTF-8' encoding to copy filtered resources.
2019-10-04 16:33:01,296 [Worker-2: Building workspace] INFO  o.e.m.c.i.embedder.EclipseLogger - skip non existing resourceDirectory C:\Users\B4ibmjava10\Downloads\fitnessTracker-project-master (2)\fitnessTracker-project-master\MICROSERVICES\overweight-female-exercise-service\src\test\resources
2019-10-04 16:33:02,327 [Worker-2: Building workspace] INFO  o.e.m.c.i.embedder.EclipseLogger - Using 'UTF-8' encoding to copy filtered resources.
2019-10-04 16:33:02,334 [Worker-2: Building workspace] INFO  o.e.m.c.i.embedder.EclipseLogger - Copying 1 resource
2019-10-04 16:33:02,348 [Worker-2: Building workspace] INFO  o.e.m.c.i.embedder.EclipseLogger - Copying 0 resource
2019-10-04 16:33:02,356 [Worker-2: Building workspace] INFO  o.e.m.c.i.embedder.EclipseLogger - Using 'UTF-8' encoding to copy filtered resources.
2019-10-04 16:33:02,356 [Worker-2: Building workspace] INFO  o.e.m.c.i.embedder.EclipseLogger - skip non existing resourceDirectory C:\Users\B4ibmjava10\Downloads\fitnessTracker-project-master (2)\fitnessTracker-project-master\MICROSERVICES\overweight-female-meal-service\src\test\resources
2019-10-04 16:33:03,242 [Worker-2: Building workspace] INFO  o.e.m.c.i.embedder.EclipseLogger - Using 'UTF-8' encoding to copy filtered resources.
2019-10-04 16:33:03,242 [Worker-2: Building workspace] INFO  o.e.m.c.i.embedder.EclipseLogger - Copying 1 resource
2019-10-04 16:33:03,251 [Worker-2: Building workspace] INFO  o.e.m.c.i.embedder.EclipseLogger - Copying 0 resource
2019-10-04 16:33:03,254 [Worker-2: Building workspace] INFO  o.e.m.c.i.embedder.EclipseLogger - Using 'UTF-8' encoding to copy filtered resources.
2019-10-04 16:33:03,254 [Worker-2: Building workspace] INFO  o.e.m.c.i.embedder.EclipseLogger - skip non existing resourceDirectory C:\Users\B4ibmjava10\Downloads\fitnessTracker-project-master (2)\fitnessTracker-project-master\MICROSERVICES\overweight-male-exercise-service\src\test\resources
2019-10-04 16:33:04,116 [Worker-2: Building workspace] INFO  o.e.m.c.i.embedder.EclipseLogger - Using 'UTF-8' encoding to copy filtered resources.
2019-10-04 16:33:04,116 [Worker-2: Building workspace] INFO  o.e.m.c.i.embedder.EclipseLogger - Copying 1 resource
2019-10-04 16:33:04,125 [Worker-2: Building workspace] INFO  o.e.m.c.i.embedder.EclipseLogger - Copying 0 resource
2019-10-04 16:33:04,132 [Worker-2: Building workspace] INFO  o.e.m.c.i.embedder.EclipseLogger - Using 'UTF-8' encoding to copy filtered resources.
2019-10-04 16:33:04,132 [Worker-2: Building workspace] INFO  o.e.m.c.i.embedder.EclipseLogger - skip non existing resourceDirectory C:\Users\B4ibmjava10\Downloads\fitnessTracker-project-master (2)\fitnessTracker-project-master\MICROSERVICES\overweight-male-meal-service\src\test\resources
2019-10-04 16:33:05,757 [Worker-2: Building workspace] INFO  o.e.m.c.i.embedder.EclipseLogger - Using 'UTF-8' encoding to copy filtered resources.
2019-10-04 16:33:05,758 [Worker-2: Building workspace] INFO  o.e.m.c.i.embedder.EclipseLogger - Copying 1 resource
2019-10-04 16:33:05,775 [Worker-2: Building workspace] INFO  o.e.m.c.i.embedder.EclipseLogger - Copying 0 resource
2019-10-04 16:33:05,784 [Worker-2: Building workspace] INFO  o.e.m.c.i.embedder.EclipseLogger - Using 'UTF-8' encoding to copy filtered resources.
2019-10-04 16:33:05,792 [Worker-2: Building workspace] INFO  o.e.m.c.i.embedder.EclipseLogger - skip non existing resourceDirectory C:\Users\B4ibmjava10\Downloads\fitnessTracker-project-master (2)\fitnessTracker-project-master\MICROSERVICES\paypalService\src\test\resources
2019-10-04 16:33:06,756 [Worker-2: Building workspace] INFO  o.e.m.c.i.embedder.EclipseLogger - Using 'UTF-8' encoding to copy filtered resources.
2019-10-04 16:33:06,765 [Worker-2: Building workspace] INFO  o.e.m.c.i.embedder.EclipseLogger - Copying 1 resource
2019-10-04 16:33:06,781 [Worker-2: Building workspace] INFO  o.e.m.c.i.embedder.EclipseLogger - Copying 0 resource
2019-10-04 16:33:06,790 [Worker-2: Building workspace] INFO  o.e.m.c.i.embedder.EclipseLogger - Using 'UTF-8' encoding to copy filtered resources.
2019-10-04 16:33:06,790 [Worker-2: Building workspace] INFO  o.e.m.c.i.embedder.EclipseLogger - skip non existing resourceDirectory C:\Users\B4ibmjava10\Downloads\fitnessTracker-project-master (2)\fitnessTracker-project-master\MICROSERVICES\sms\src\test\resources
2019-10-04 16:33:07,740 [Worker-2: Building workspace] INFO  o.e.m.c.i.embedder.EclipseLogger - Using 'UTF-8' encoding to copy filtered resources.
2019-10-04 16:33:07,740 [Worker-2: Building workspace] INFO  o.e.m.c.i.embedder.EclipseLogger - Copying 1 resource
2019-10-04 16:33:07,749 [Worker-2: Building workspace] INFO  o.e.m.c.i.embedder.EclipseLogger - Copying 0 resource
2019-10-04 16:33:07,751 [Worker-2: Building workspace] INFO  o.e.m.c.i.embedder.EclipseLogger - Using 'UTF-8' encoding to copy filtered resources.
2019-10-04 16:33:07,762 [Worker-2: Building workspace] INFO  o.e.m.c.i.embedder.EclipseLogger - skip non existing resourceDirectory C:\Users\B4ibmjava10\Downloads\fitnessTracker-project-master (2)\fitnessTracker-project-master\MICROSERVICES\underweight-female-exercise-service\src\test\resources
2019-10-04 16:33:08,658 [Worker-2: Building workspace] INFO  o.e.m.c.i.embedder.EclipseLogger - Using 'UTF-8' encoding to copy filtered resources.
2019-10-04 16:33:08,666 [Worker-2: Building workspace] INFO  o.e.m.c.i.embedder.EclipseLogger - Copying 1 resource
2019-10-04 16:33:08,684 [Worker-2: Building workspace] INFO  o.e.m.c.i.embedder.EclipseLogger - Copying 0 resource
2019-10-04 16:33:08,696 [Worker-2: Building workspace] INFO  o.e.m.c.i.embedder.EclipseLogger - Using 'UTF-8' encoding to copy filtered resources.
2019-10-04 16:33:08,696 [Worker-2: Building workspace] INFO  o.e.m.c.i.embedder.EclipseLogger - skip non existing resourceDirectory C:\Users\B4ibmjava10\Downloads\fitnessTracker-project-master (2)\fitnessTracker-project-master\MICROSERVICES\underweight-female-meal-service\src\test\resources
2019-10-04 16:33:10,198 [Worker-2: Building workspace] INFO  o.e.m.c.i.embedder.EclipseLogger - Using 'UTF-8' encoding to copy filtered resources.
2019-10-04 16:33:10,198 [Worker-2: Building workspace] INFO  o.e.m.c.i.embedder.EclipseLogger - Copying 1 resource
2019-10-04 16:33:10,216 [Worker-2: Building workspace] INFO  o.e.m.c.i.embedder.EclipseLogger - Copying 0 resource
2019-10-04 16:33:10,225 [Worker-2: Building workspace] INFO  o.e.m.c.i.embedder.EclipseLogger - Using 'UTF-8' encoding to copy filtered resources.
2019-10-04 16:33:10,232 [Worker-2: Building workspace] INFO  o.e.m.c.i.embedder.EclipseLogger - skip non existing resourceDirectory C:\Users\B4ibmjava10\Downloads\fitnessTracker-project-master (2)\fitnessTracker-project-master\MICROSERVICES\underweight-male-exercise-service\src\test\resources
2019-10-04 16:33:11,053 [Worker-2: Building workspace] INFO  o.e.m.c.i.embedder.EclipseLogger - Using 'UTF-8' encoding to copy filtered resources.
2019-10-04 16:33:11,060 [Worker-2: Building workspace] INFO  o.e.m.c.i.embedder.EclipseLogger - Copying 1 resource
2019-10-04 16:33:11,075 [Worker-2: Building workspace] INFO  o.e.m.c.i.embedder.EclipseLogger - Copying 0 resource
2019-10-04 16:33:11,086 [Worker-2: Building workspace] INFO  o.e.m.c.i.embedder.EclipseLogger - Using 'UTF-8' encoding to copy filtered resources.
2019-10-04 16:33:11,087 [Worker-2: Building workspace] INFO  o.e.m.c.i.embedder.EclipseLogger - skip non existing resourceDirectory C:\Users\B4ibmjava10\Downloads\fitnessTracker-project-master (2)\fitnessTracker-project-master\MICROSERVICES\underweight-male-meal-service\src\test\resources
2019-10-04 16:33:12,003 [Worker-2: Building workspace] INFO  o.e.m.c.i.embedder.EclipseLogger - Using 'UTF-8' encoding to copy filtered resources.
2019-10-04 16:33:12,003 [Worker-2: Building workspace] INFO  o.e.m.c.i.embedder.EclipseLogger - Copying 1 resource
2019-10-04 16:33:12,009 [Worker-2: Building workspace] INFO  o.e.m.c.i.embedder.EclipseLogger - Copying 0 resource
2019-10-04 16:33:12,011 [Worker-2: Building workspace] INFO  o.e.m.c.i.embedder.EclipseLogger - Using 'UTF-8' encoding to copy filtered resources.
2019-10-04 16:33:12,011 [Worker-2: Building workspace] INFO  o.e.m.c.i.embedder.EclipseLogger - skip non existing resourceDirectory C:\Users\B4ibmjava10\Downloads\fitnessTracker-project-master (2)\fitnessTracker-project-master\MICROSERVICES\user_details\src\test\resources
2019-10-04 16:33:13,895 [Worker-8: Building workspace] INFO  o.e.m.c.i.embedder.EclipseLogger - Using 'UTF-8' encoding to copy filtered resources.
2019-10-04 16:33:13,895 [Worker-8: Building workspace] INFO  o.e.m.c.i.embedder.EclipseLogger - Copying 0 resource
2019-10-04 16:33:13,895 [Worker-8: Building workspace] INFO  o.e.m.c.i.embedder.EclipseLogger - Copying 0 resource
2019-10-04 16:33:13,908 [Worker-8: Building workspace] INFO  o.e.m.c.i.embedder.EclipseLogger - Using 'UTF-8' encoding to copy filtered resources.
2019-10-04 16:33:13,908 [Worker-8: Building workspace] INFO  o.e.m.c.i.embedder.EclipseLogger - skip non existing resourceDirectory C:\Users\B4ibmjava10\Downloads\fitnessTracker-project-master (2)\fitnessTracker-project-master\MICROSERVICES\overweight-female-exercise-service\src\test\resources
2019-10-04 16:33:29,202 [Worker-8: Building workspace] INFO  o.e.m.c.i.embedder.EclipseLogger - Using 'UTF-8' encoding to copy filtered resources.
2019-10-04 16:33:29,203 [Worker-8: Building workspace] INFO  o.e.m.c.i.embedder.EclipseLogger - Copying 1 resource
2019-10-04 16:33:29,212 [Worker-8: Building workspace] INFO  o.e.m.c.i.embedder.EclipseLogger - Copying 0 resource
2019-10-04 16:33:29,221 [Worker-8: Building workspace] INFO  o.e.m.c.i.embedder.EclipseLogger - Using 'UTF-8' encoding to copy filtered resources.
2019-10-04 16:33:29,228 [Worker-8: Building workspace] INFO  o.e.m.c.i.embedder.EclipseLogger - skip non existing resourceDirectory C:\Users\B4ibmjava10\Downloads\fitnessTracker-project-master (2)\fitnessTracker-project-master\MICROSERVICES\underweight-female-exercise-service\src\test\resources
2019-10-04 16:33:47,172 [Worker-11: Building workspace] INFO  o.e.m.c.i.embedder.EclipseLogger - Using 'UTF-8' encoding to copy filtered resources.
2019-10-04 16:33:47,188 [Worker-11: Building workspace] INFO  o.e.m.c.i.embedder.EclipseLogger - Copying 1 resource
2019-10-04 16:33:47,197 [Worker-11: Building workspace] INFO  o.e.m.c.i.embedder.EclipseLogger - Copying 0 resource
2019-10-04 16:33:47,205 [Worker-11: Building workspace] INFO  o.e.m.c.i.embedder.EclipseLogger - Using 'UTF-8' encoding to copy filtered resources.
2019-10-04 16:33:47,205 [Worker-11: Building workspace] INFO  o.e.m.c.i.embedder.EclipseLogger - skip non existing resourceDirectory C:\Users\B4ibmjava10\Downloads\fitnessTracker-project-master (2)\fitnessTracker-project-master\MICROSERVICES\underweight-female-meal-service\src\test\resources
2019-10-04 16:34:14,081 [Worker-20: Building workspace] INFO  o.e.m.c.i.embedder.EclipseLogger - Using 'UTF-8' encoding to copy filtered resources.
2019-10-04 16:34:14,081 [Worker-20: Building workspace] INFO  o.e.m.c.i.embedder.EclipseLogger - Copying 1 resource
2019-10-04 16:34:14,083 [Worker-20: Building workspace] INFO  o.e.m.c.i.embedder.EclipseLogger - Copying 0 resource
2019-10-04 16:34:14,085 [Worker-20: Building workspace] INFO  o.e.m.c.i.embedder.EclipseLogger - Using 'UTF-8' encoding to copy filtered resources.
2019-10-04 16:34:14,091 [Worker-20: Building workspace] INFO  o.e.m.c.i.embedder.EclipseLogger - skip non existing resourceDirectory C:\Users\B4ibmjava10\Downloads\fitnessTracker-project-master (2)\fitnessTracker-project-master\MICROSERVICES\overweight-female-exercise-service\src\test\resources
2019-10-04 16:34:34,902 [Worker-23: Building workspace] INFO  o.e.m.c.i.embedder.EclipseLogger - Using 'UTF-8' encoding to copy filtered resources.
2019-10-04 16:34:34,911 [Worker-23: Building workspace] INFO  o.e.m.c.i.embedder.EclipseLogger - Copying 1 resource
2019-10-04 16:34:34,921 [Worker-23: Building workspace] INFO  o.e.m.c.i.embedder.EclipseLogger - Copying 0 resource
2019-10-04 16:34:34,929 [Worker-23: Building workspace] INFO  o.e.m.c.i.embedder.EclipseLogger - Using 'UTF-8' encoding to copy filtered resources.
2019-10-04 16:34:34,929 [Worker-23: Building workspace] INFO  o.e.m.c.i.embedder.EclipseLogger - skip non existing resourceDirectory C:\Users\B4ibmjava10\Downloads\fitnessTracker-project-master (2)\fitnessTracker-project-master\MICROSERVICES\overweight-female-meal-service\src\test\resources
2019-10-04 16:37:48,169 [Worker-0: Updating Maven Dependencies] INFO  o.e.m.c.i.l.LifecycleMappingFactory - Using org.eclipse.m2e.jdt.JarLifecycleMapping lifecycle mapping for MavenProject: com.example.demo:PROJECT_USER:0.0.1-SNAPSHOT @ C:\Users\B4ibmjava10\Downloads\fitnessTracker-project-master\fitnessTracker-project-master\MICROSERVICES\user-service\pom.xml.
2019-10-04 16:37:49,263 [Worker-30: Building workspace] INFO  o.e.m.c.i.l.LifecycleMappingFactory - Using org.eclipse.m2e.jdt.JarLifecycleMapping lifecycle mapping for MavenProject: com.example.demo:PROJECT_USER:0.0.1-SNAPSHOT @ C:\Users\B4ibmjava10\Downloads\fitnessTracker-project-master\fitnessTracker-project-master\MICROSERVICES\user-service\pom.xml.
2019-10-04 16:37:51,757 [Worker-30: Building workspace] ERROR o.e.m.c.i.p.WorkspaceStateWriter - Error writing workspace state file
org.eclipse.core.runtime.CoreException: Could not read maven project
	at org.eclipse.m2e.core.internal.project.registry.ProjectRegistryManager.readProjectWithDependencies(ProjectRegistryManager.java:851) [org.eclipse.m2e.core_1.12.0.20190529-1916.jar:na]
	at org.eclipse.m2e.core.internal.project.registry.ProjectRegistryManager$2.call(ProjectRegistryManager.java:1069) ~[org.eclipse.m2e.core_1.12.0.20190529-1916.jar:na]
	at org.eclipse.m2e.core.internal.project.registry.ProjectRegistryManager$2.call(ProjectRegistryManager.java:1) ~[org.eclipse.m2e.core_1.12.0.20190529-1916.jar:na]
	at com.google.common.cache.LocalCache$LocalManualCache$1.load(LocalCache.java:5065) ~[com.google.guava_21.0.0.v20170206-1425.jar:na]
	at com.google.common.cache.LocalCache$LoadingValueReference.loadFuture(LocalCache.java:3716) ~[com.google.guava_21.0.0.v20170206-1425.jar:na]
	at com.google.common.cache.LocalCache$Segment.loadSync(LocalCache.java:2424) ~[com.google.guava_21.0.0.v20170206-1425.jar:na]
	at com.google.common.cache.LocalCache$Segment.lockedGetOrLoad(LocalCache.java:2298) ~[com.google.guava_21.0.0.v20170206-1425.jar:na]
	at com.google.common.cache.LocalCache$Segment.get(LocalCache.java:2211) ~[com.google.guava_21.0.0.v20170206-1425.jar:na]
	at com.google.common.cache.LocalCache.get(LocalCache.java:4154) ~[com.google.guava_21.0.0.v20170206-1425.jar:na]
	at com.google.common.cache.LocalCache$LocalManualCache.get(LocalCache.java:5060) ~[com.google.guava_21.0.0.v20170206-1425.jar:na]
	at org.eclipse.m2e.core.internal.project.registry.ProjectRegistryManager.getMavenProject(ProjectRegistryManager.java:1067) [org.eclipse.m2e.core_1.12.0.20190529-1916.jar:na]
	at org.eclipse.m2e.core.internal.project.registry.MavenProjectFacade.getMavenProject(MavenProjectFacade.java:242) ~[org.eclipse.m2e.core_1.12.0.20190529-1916.jar:na]
	at org.eclipse.m2e.core.internal.project.WorkspaceStateWriter.mavenProjectChanged(WorkspaceStateWriter.java:91) ~[org.eclipse.m2e.core_1.12.0.20190529-1916.jar:na]
	at org.eclipse.m2e.core.internal.project.registry.ProjectRegistryManager.notifyProjectChangeListeners(ProjectRegistryManager.java:825) [org.eclipse.m2e.core_1.12.0.20190529-1916.jar:na]
	at org.eclipse.m2e.core.internal.project.registry.ProjectRegistryManager.applyMutableProjectRegistry(ProjectRegistryManager.java:989) [org.eclipse.m2e.core_1.12.0.20190529-1916.jar:na]
	at org.eclipse.m2e.core.internal.project.registry.ProjectRegistryManager.refresh(ProjectRegistryManager.java:314) [org.eclipse.m2e.core_1.12.0.20190529-1916.jar:na]
	at org.eclipse.m2e.core.internal.builder.MavenBuilder$BuildMethod.getProjectFacade(MavenBuilder.java:155) [org.eclipse.m2e.core_1.12.0.20190529-1916.jar:na]
	at org.eclipse.m2e.core.internal.builder.MavenBuilder$BuildMethod$1.call(MavenBuilder.java:90) [org.eclipse.m2e.core_1.12.0.20190529-1916.jar:na]
	at org.eclipse.m2e.core.internal.embedder.MavenExecutionContext.executeBare(MavenExecutionContext.java:177) [org.eclipse.m2e.core_1.12.0.20190529-1916.jar:na]
	at org.eclipse.m2e.core.internal.embedder.MavenExecutionContext.execute(MavenExecutionContext.java:151) [org.eclipse.m2e.core_1.12.0.20190529-1916.jar:na]
	at org.eclipse.m2e.core.internal.embedder.MavenExecutionContext.execute(MavenExecutionContext.java:99) [org.eclipse.m2e.core_1.12.0.20190529-1916.jar:na]
	at org.eclipse.m2e.core.internal.builder.MavenBuilder$BuildMethod.execute(MavenBuilder.java:87) [org.eclipse.m2e.core_1.12.0.20190529-1916.jar:na]
	at org.eclipse.m2e.core.internal.builder.MavenBuilder.build(MavenBuilder.java:201) [org.eclipse.m2e.core_1.12.0.20190529-1916.jar:na]
	at org.eclipse.core.internal.events.BuildManager$2.run(BuildManager.java:833) [org.eclipse.core.resources_3.13.400.v20190505-1655.jar:na]
	at org.eclipse.core.runtime.SafeRunner.run(SafeRunner.java:45) [org.eclipse.equinox.common_3.10.400.v20190516-1504.jar:na]
	at org.eclipse.core.internal.events.BuildManager.basicBuild(BuildManager.java:220) [org.eclipse.core.resources_3.13.400.v20190505-1655.jar:na]
	at org.eclipse.core.internal.events.BuildManager.basicBuild(BuildManager.java:263) [org.eclipse.core.resources_3.13.400.v20190505-1655.jar:na]
	at org.eclipse.core.internal.events.BuildManager$1.run(BuildManager.java:316) [org.eclipse.core.resources_3.13.400.v20190505-1655.jar:na]
	at org.eclipse.core.runtime.SafeRunner.run(SafeRunner.java:45) [org.eclipse.equinox.common_3.10.400.v20190516-1504.jar:na]
	at org.eclipse.core.internal.events.BuildManager.basicBuild(BuildManager.java:319) [org.eclipse.core.resources_3.13.400.v20190505-1655.jar:na]
	at org.eclipse.core.internal.events.BuildManager.basicBuildLoop(BuildManager.java:371) [org.eclipse.core.resources_3.13.400.v20190505-1655.jar:na]
	at org.eclipse.core.internal.events.BuildManager.build(BuildManager.java:392) [org.eclipse.core.resources_3.13.400.v20190505-1655.jar:na]
	at org.eclipse.core.internal.events.AutoBuildJob.doBuild(AutoBuildJob.java:154) [org.eclipse.core.resources_3.13.400.v20190505-1655.jar:na]
	at org.eclipse.core.internal.events.AutoBuildJob.run(AutoBuildJob.java:244) [org.eclipse.core.resources_3.13.400.v20190505-1655.jar:na]
	at org.eclipse.core.internal.jobs.Worker.run(Worker.java:63) [org.eclipse.core.jobs_3.10.400.v20190506-1457.jar:na]
2019-10-04 16:37:54,671 [Worker-30: Building workspace] INFO  o.e.m.c.i.embedder.EclipseLogger - Using 'UTF-8' encoding to copy filtered resources.
2019-10-04 16:37:54,680 [Worker-30: Building workspace] INFO  o.e.m.c.i.embedder.EclipseLogger - Copying 1 resource
2019-10-04 16:37:54,715 [Worker-30: Building workspace] INFO  o.e.m.c.i.embedder.EclipseLogger - Copying 0 resource
2019-10-04 16:37:54,726 [Worker-30: Building workspace] INFO  o.e.m.c.i.embedder.EclipseLogger - Using 'UTF-8' encoding to copy filtered resources.
2019-10-04 16:37:54,726 [Worker-30: Building workspace] INFO  o.e.m.c.i.embedder.EclipseLogger - skip non existing resourceDirectory C:\Users\B4ibmjava10\Downloads\fitnessTracker-project-master\fitnessTracker-project-master\MICROSERVICES\user-service\src\test\resources
2019-10-04 16:37:57,012 [Worker-21: Updating Maven Dependencies] INFO  o.e.m.c.i.l.LifecycleMappingFactory - Using org.eclipse.m2e.jdt.JarLifecycleMapping lifecycle mapping for MavenProject: com.example.demo:PROJECT_USER:0.0.1-SNAPSHOT @ C:\Users\B4ibmjava10\Downloads\fitnessTracker-project-master\fitnessTracker-project-master\MICROSERVICES\user-service\pom.xml.
2019-10-04 16:37:57,031 [Worker-30: Building workspace] INFO  o.e.m.c.i.embedder.EclipseLogger - Using 'UTF-8' encoding to copy filtered resources.
2019-10-04 16:37:57,052 [Worker-30: Building workspace] INFO  o.e.m.c.i.embedder.EclipseLogger - Copying 1 resource
2019-10-04 16:37:57,094 [Worker-30: Building workspace] INFO  o.e.m.c.i.embedder.EclipseLogger - Copying 0 resource
2019-10-04 16:37:57,104 [Worker-30: Building workspace] INFO  o.e.m.c.i.embedder.EclipseLogger - Using 'UTF-8' encoding to copy filtered resources.
2019-10-04 16:37:57,104 [Worker-30: Building workspace] INFO  o.e.m.c.i.embedder.EclipseLogger - skip non existing resourceDirectory C:\Users\B4ibmjava10\Downloads\fitnessTracker-project-master\fitnessTracker-project-master\MICROSERVICES\user-service\src\test\resources
2019-10-04 16:37:58,416 [Worker-21: Updating Maven Dependencies] ERROR o.e.m.c.i.p.WorkspaceStateWriter - Error writing workspace state file
org.eclipse.core.runtime.CoreException: Could not read maven project
	at org.eclipse.m2e.core.internal.project.registry.ProjectRegistryManager.readProjectWithDependencies(ProjectRegistryManager.java:851) [org.eclipse.m2e.core_1.12.0.20190529-1916.jar:na]
	at org.eclipse.m2e.core.internal.project.registry.ProjectRegistryManager$2.call(ProjectRegistryManager.java:1069) ~[org.eclipse.m2e.core_1.12.0.20190529-1916.jar:na]
	at org.eclipse.m2e.core.internal.project.registry.ProjectRegistryManager$2.call(ProjectRegistryManager.java:1) ~[org.eclipse.m2e.core_1.12.0.20190529-1916.jar:na]
	at com.google.common.cache.LocalCache$LocalManualCache$1.load(LocalCache.java:5065) ~[com.google.guava_21.0.0.v20170206-1425.jar:na]
	at com.google.common.cache.LocalCache$LoadingValueReference.loadFuture(LocalCache.java:3716) ~[com.google.guava_21.0.0.v20170206-1425.jar:na]
	at com.google.common.cache.LocalCache$Segment.loadSync(LocalCache.java:2424) ~[com.google.guava_21.0.0.v20170206-1425.jar:na]
	at com.google.common.cache.LocalCache$Segment.lockedGetOrLoad(LocalCache.java:2298) ~[com.google.guava_21.0.0.v20170206-1425.jar:na]
	at com.google.common.cache.LocalCache$Segment.get(LocalCache.java:2211) ~[com.google.guava_21.0.0.v20170206-1425.jar:na]
	at com.google.common.cache.LocalCache.get(LocalCache.java:4154) ~[com.google.guava_21.0.0.v20170206-1425.jar:na]
	at com.google.common.cache.LocalCache$LocalManualCache.get(LocalCache.java:5060) ~[com.google.guava_21.0.0.v20170206-1425.jar:na]
	at org.eclipse.m2e.core.internal.project.registry.ProjectRegistryManager.getMavenProject(ProjectRegistryManager.java:1067) [org.eclipse.m2e.core_1.12.0.20190529-1916.jar:na]
	at org.eclipse.m2e.core.internal.project.registry.MavenProjectFacade.getMavenProject(MavenProjectFacade.java:242) ~[org.eclipse.m2e.core_1.12.0.20190529-1916.jar:na]
	at org.eclipse.m2e.core.internal.project.WorkspaceStateWriter.mavenProjectChanged(WorkspaceStateWriter.java:91) ~[org.eclipse.m2e.core_1.12.0.20190529-1916.jar:na]
	at org.eclipse.m2e.core.internal.project.registry.ProjectRegistryManager.notifyProjectChangeListeners(ProjectRegistryManager.java:825) [org.eclipse.m2e.core_1.12.0.20190529-1916.jar:na]
	at org.eclipse.m2e.core.internal.project.registry.ProjectRegistryManager.applyMutableProjectRegistry(ProjectRegistryManager.java:989) [org.eclipse.m2e.core_1.12.0.20190529-1916.jar:na]
	at org.eclipse.m2e.core.internal.project.registry.ProjectRegistryRefreshJob.lambda$0(ProjectRegistryRefreshJob.java:147) [org.eclipse.m2e.core_1.12.0.20190529-1916.jar:na]
	at org.eclipse.m2e.core.internal.embedder.MavenExecutionContext.executeBare(MavenExecutionContext.java:177) ~[org.eclipse.m2e.core_1.12.0.20190529-1916.jar:na]
	at org.eclipse.m2e.core.internal.embedder.MavenExecutionContext.execute(MavenExecutionContext.java:151) ~[org.eclipse.m2e.core_1.12.0.20190529-1916.jar:na]
	at org.eclipse.m2e.core.internal.embedder.MavenExecutionContext.execute(MavenExecutionContext.java:99) ~[org.eclipse.m2e.core_1.12.0.20190529-1916.jar:na]
	at org.eclipse.m2e.core.internal.embedder.MavenImpl.execute(MavenImpl.java:1374) ~[org.eclipse.m2e.core_1.12.0.20190529-1916.jar:na]
	at org.eclipse.m2e.core.internal.project.registry.ProjectRegistryRefreshJob.run(ProjectRegistryRefreshJob.java:82) [org.eclipse.m2e.core_1.12.0.20190529-1916.jar:na]
	at org.eclipse.core.internal.jobs.Worker.run(Worker.java:63) ~[org.eclipse.core.jobs_3.10.400.v20190506-1457.jar:na]
2019-10-04 16:38:00,345 [Worker-30: Building workspace] INFO  o.e.m.c.i.embedder.EclipseLogger - Using 'UTF-8' encoding to copy filtered resources.
2019-10-04 16:38:00,346 [Worker-30: Building workspace] INFO  o.e.m.c.i.embedder.EclipseLogger - Copying 1 resource
2019-10-04 16:38:00,349 [Worker-30: Building workspace] INFO  o.e.m.c.i.embedder.EclipseLogger - Copying 0 resource
2019-10-04 16:38:00,361 [Worker-30: Building workspace] INFO  o.e.m.c.i.embedder.EclipseLogger - Using 'UTF-8' encoding to copy filtered resources.
2019-10-04 16:38:00,361 [Worker-30: Building workspace] INFO  o.e.m.c.i.embedder.EclipseLogger - skip non existing resourceDirectory C:\Users\B4ibmjava10\Downloads\fitnessTracker-project-master\fitnessTracker-project-master\MICROSERVICES\user-service\src\test\resources
